2024-08-07T10:25:24.029Z P:20888 T:13188] SyncServiceImpl::Initialize,SyncState after the account was authenticated: NotSignedIn
2024-08-07T10:25:24.331Z P:20888 T:26408] SyncManagerImpl::ConfigureSyncer,Types to download: Encryption Keys
2024-08-07T10:26:03.609Z P:20888 T:13188] ModelLoadManager::Configure,Desired: Device Info, User Consents, Send Tab To Self, Encryption Keys preferred: Device Info, User Consents, Send Tab To Self, Encryption Keys
2024-08-07T10:26:03.609Z P:20888 T:13188] ModelLoadManager::LoadDesiredTypes,Desired: Device Info, User Consents, Send Tab To Self
2024-08-07T10:26:03.615Z P:20888 T:13188] ModelLoadManager::ModelLoadCallback,Load Device Info: success
2024-08-07T10:26:03.615Z P:20888 T:13188] ModelLoadManager::ModelLoadCallback,Load User Consents: success
2024-08-07T10:26:03.615Z P:20888 T:13188] ModelLoadManager::ModelLoadCallback,Load Send Tab To Self: success
2024-08-07T10:26:03.615Z P:20888 T:13188] ModelLoadManager::NotifyDelegateIfReadyForConfigure,All data types are ready for configuration
2024-08-07T10:26:03.615Z P:20888 T:13188] DataTypeManagerImpl::OnAllDataTypesReadyForConfigure,All data types are ready for configuration
2024-08-07T10:26:03.615Z P:20888 T:13188] DataTypeManagerImpl::StartNextConfiguration,Size: 3 front: Encryption Keys
2024-08-07T10:26:03.615Z P:20888 T:13188] DataTypeManagerImpl::PrepareConfigureParams,Add types: 
2024-08-07T10:26:03.615Z P:20888 T:27128] SyncManagerImpl::ConfigureSyncer,Types to download: 
2024-08-07T10:26:03.634Z P:20888 T:13188] DataTypeManagerImpl::ConfigurationCompleted,Left: 2
2024-08-07T10:26:03.635Z P:20888 T:13188] DataTypeManagerImpl::StartNextConfiguration,Size: 2 front: Device Info, Send Tab To Self
2024-08-07T10:26:03.635Z P:20888 T:13188] DataTypeManagerImpl::PrepareConfigureParams,Add types: Device Info, Send Tab To Self, Encryption Keys
2024-08-07T10:26:03.635Z P:20888 T:27128] SyncManagerImpl::ConfigureSyncer,Types to download: Device Info, Send Tab To Self, Encryption Keys
2024-08-07T10:26:03.994Z P:20888 T:13188] DataTypeManagerImpl::ConfigurationCompleted,Left: 1
2024-08-07T10:26:03.995Z P:20888 T:13188] DataTypeManagerImpl::StartNextConfiguration,Size: 1 front: User Consents
2024-08-07T10:26:03.995Z P:20888 T:13188] DataTypeManagerImpl::PrepareConfigureParams,Add types: 
2024-08-07T10:26:03.995Z P:20888 T:27128] SyncManagerImpl::ConfigureSyncer,Types to download: 
2024-08-07T10:26:03.995Z P:20888 T:13188] DataTypeManagerImpl::ConfigurationCompleted,Left: 0
2024-08-07T10:26:05.022Z P:20888 T:27128] Commit::PostAndProcessResponse,Device Info: Success
2024-08-07T10:26:05.022Z P:20888 T:27128] Commit::PostAndProcessResponse,User Consents: Success
2024-08-07T10:26:09.183Z P:20888 T:13188] SyncServiceImpl::ResetEngine,Reason: 0
